<?xml version="1.0" encoding="UTF-8"?>
<testng-results skipped="0" failed="0" ignored="0" total="1" passed="1">
  <reporter-output>
  </reporter-output>
  <suite name="Default suite" duration-ms="278789" started-at="2020-06-06T04:05:53Z" finished-at="2020-06-06T04:10:32Z">
    <groups>
    </groups>
    <test name="Default test" duration-ms="278789" started-at="2020-06-06T04:05:53Z" finished-at="2020-06-06T04:10:32Z">
      <class name="ChkFil.Download">
        <test-method status="PASS" signature="downloaFile()[pri:0, instance:ChkFil.Download@130161f7]" name="downloaFile" duration-ms="278728" started-at="2020-06-06T04:05:53Z" finished-at="2020-06-06T04:10:32Z">
          <reporter-output>
          </reporter-output>
        </test-method> <!-- downloaFile -->
        <test-method status="PASS" signature="afterClass()[pri:0, instance:ChkFil.Download@130161f7]" name="afterClass" is-config="true" duration-ms="0" started-at="2020-06-06T04:10:32Z" finished-at="2020-06-06T04:10:32Z">
          <reporter-output>
          </reporter-output>
        </test-method> <!-- afterClass -->
      </class> <!-- ChkFil.Download -->
    </test> <!-- Default test -->
  </suite> <!-- Default suite -->
</testng-results>
